<?xml version="1.0" encoding="UTF-8"?>
<testng-results ignored="0" total="15" passed="15" failed="0" skipped="0">
  <reporter-output>
  </reporter-output>
  <suite started-at="2021-02-25T09:18:25 IST" name="Testng_Tests" finished-at="2021-02-25T09:25:47 IST" duration-ms="442399">
    <groups>
    </groups>
    <test started-at="2021-02-25T09:18:25 IST" name="Testcases" finished-at="2021-02-25T09:25:47 IST" duration-ms="442399">
      <class name="com.identifycourses.tests.IdentifyCoursesTests">
        <test-method is-config="true" signature="getData()[pri:0, instance:com.identifycourses.tests.IdentifyCoursesTests@66498326]" started-at="2021-02-25T09:17:28 IST" name="getData" finished-at="2021-02-25T09:18:25 IST" duration-ms="56340" status="PASS">
          <reporter-output>
          </reporter-output>
        </test-method> <!-- getData -->
        <test-method signature="Test_Case1()[pri:0, instance:com.identifycourses.tests.IdentifyCoursesTests@66498326]" started-at="2021-02-25T09:18:25 IST" name="Test_Case1" finished-at="2021-02-25T09:19:44 IST" duration-ms="79315" status="PASS">
          <reporter-output>
          </reporter-output>
        </test-method> <!-- Test_Case1 -->
        <test-method signature="Test_Case2()[pri:1, instance:com.identifycourses.tests.IdentifyCoursesTests@66498326]" started-at="2021-02-25T09:19:44 IST" name="Test_Case2" finished-at="2021-02-25T09:20:40 IST" duration-ms="55927" status="PASS">
          <reporter-output>
          </reporter-output>
        </test-method> <!-- Test_Case2 -->
        <test-method signature="Test_Case3()[pri:2, instance:com.identifycourses.tests.IdentifyCoursesTests@66498326]" started-at="2021-02-25T09:20:40 IST" name="Test_Case3" finished-at="2021-02-25T09:21:43 IST" duration-ms="62513" status="PASS">
          <reporter-output>
          </reporter-output>
        </test-method> <!-- Test_Case3 -->
        <test-method signature="Test_Case4()[pri:3, instance:com.identifycourses.tests.IdentifyCoursesTests@66498326]" started-at="2021-02-25T09:21:43 IST" name="Test_Case4" finished-at="2021-02-25T09:22:02 IST" duration-ms="19317" status="PASS">
          <reporter-output>
          </reporter-output>
        </test-method> <!-- Test_Case4 -->
        <test-method signature="Test_Case5()[pri:4, instance:com.identifycourses.tests.IdentifyCoursesTests@66498326]" started-at="2021-02-25T09:22:02 IST" name="Test_Case5" finished-at="2021-02-25T09:22:23 IST" duration-ms="21441" status="PASS">
          <reporter-output>
          </reporter-output>
        </test-method> <!-- Test_Case5 -->
        <test-method signature="Test_Case6()[pri:5, instance:com.identifycourses.tests.IdentifyCoursesTests@66498326]" started-at="2021-02-25T09:22:23 IST" name="Test_Case6" finished-at="2021-02-25T09:22:42 IST" duration-ms="18844" status="PASS">
          <reporter-output>
          </reporter-output>
        </test-method> <!-- Test_Case6 -->
        <test-method signature="Test_Case7()[pri:6, instance:com.identifycourses.tests.IdentifyCoursesTests@66498326]" started-at="2021-02-25T09:22:42 IST" name="Test_Case7" finished-at="2021-02-25T09:22:56 IST" duration-ms="14112" status="PASS">
          <reporter-output>
          </reporter-output>
        </test-method> <!-- Test_Case7 -->
        <test-method signature="Test_Case8()[pri:7, instance:com.identifycourses.tests.IdentifyCoursesTests@66498326]" started-at="2021-02-25T09:22:56 IST" name="Test_Case8" finished-at="2021-02-25T09:23:21 IST" duration-ms="24814" status="PASS">
          <reporter-output>
          </reporter-output>
        </test-method> <!-- Test_Case8 -->
        <test-method signature="Test_Case9()[pri:8, instance:com.identifycourses.tests.IdentifyCoursesTests@66498326]" started-at="2021-02-25T09:23:21 IST" name="Test_Case9" finished-at="2021-02-25T09:23:41 IST" duration-ms="20207" status="PASS">
          <reporter-output>
          </reporter-output>
        </test-method> <!-- Test_Case9 -->
        <test-method signature="Test_Case10()[pri:9, instance:com.identifycourses.tests.IdentifyCoursesTests@66498326]" started-at="2021-02-25T09:23:41 IST" name="Test_Case10" finished-at="2021-02-25T09:24:04 IST" duration-ms="22580" status="PASS">
          <reporter-output>
          </reporter-output>
        </test-method> <!-- Test_Case10 -->
        <test-method signature="Test_Case11()[pri:10, instance:com.identifycourses.tests.IdentifyCoursesTests@66498326]" started-at="2021-02-25T09:24:04 IST" name="Test_Case11" finished-at="2021-02-25T09:24:25 IST" duration-ms="20823" status="PASS">
          <reporter-output>
          </reporter-output>
        </test-method> <!-- Test_Case11 -->
        <test-method signature="Test_Case12()[pri:11, instance:com.identifycourses.tests.IdentifyCoursesTests@66498326]" started-at="2021-02-25T09:24:25 IST" name="Test_Case12" finished-at="2021-02-25T09:24:45 IST" duration-ms="20475" status="PASS">
          <reporter-output>
          </reporter-output>
        </test-method> <!-- Test_Case12 -->
        <test-method signature="Test_Case13()[pri:12, instance:com.identifycourses.tests.IdentifyCoursesTests@66498326]" started-at="2021-02-25T09:24:45 IST" name="Test_Case13" finished-at="2021-02-25T09:25:00 IST" duration-ms="14314" status="PASS">
          <reporter-output>
          </reporter-output>
        </test-method> <!-- Test_Case13 -->
        <test-method signature="Test_Case14()[pri:13, instance:com.identifycourses.tests.IdentifyCoursesTests@66498326]" started-at="2021-02-25T09:25:00 IST" name="Test_Case14" finished-at="2021-02-25T09:25:26 IST" duration-ms="25860" status="PASS">
          <reporter-output>
          </reporter-output>
        </test-method> <!-- Test_Case14 -->
        <test-method signature="Test_Case15()[pri:14, instance:com.identifycourses.tests.IdentifyCoursesTests@66498326]" started-at="2021-02-25T09:25:26 IST" name="Test_Case15" finished-at="2021-02-25T09:25:47 IST" duration-ms="21479" status="PASS">
          <reporter-output>
          </reporter-output>
        </test-method> <!-- Test_Case15 -->
        <test-method is-config="true" signature="after_suite()[pri:0, instance:com.identifycourses.tests.IdentifyCoursesTests@66498326]" started-at="2021-02-25T09:25:49 IST" name="after_suite" finished-at="2021-02-25T09:25:56 IST" duration-ms="6976" status="PASS">
          <reporter-output>
          </reporter-output>
        </test-method> <!-- after_suite -->
      </class> <!-- com.identifycourses.tests.IdentifyCoursesTests -->
    </test> <!-- Testcases -->
  </suite> <!-- Testng_Tests -->
</testng-results>
