<?xml version="1.0" encoding="UTF-8"?>
<!-- Generated by org.testng.reporters.JUnitXMLReporter -->
<testsuite ignored="0" hostname="Deepak" failures="0" tests="15" name="Testcases" time="591.933" errors="0" timestamp="2021-02-15T16:14:47 IST">
  <testcase classname="com.identifycourses.tests.IdentifyCoursesTests" name="Test_Case1" time="31.634"/>
  <testcase classname="com.identifycourses.tests.IdentifyCoursesTests" name="Test_Case2" time="16.826"/>
  <testcase classname="com.identifycourses.tests.IdentifyCoursesTests" name="Test_Case3" time="42.733"/>
  <testcase classname="com.identifycourses.tests.IdentifyCoursesTests" name="Test_Case4" time="30.224"/>
  <testcase classname="com.identifycourses.tests.IdentifyCoursesTests" name="Test_Case5" time="34.535"/>
  <testcase classname="com.identifycourses.tests.IdentifyCoursesTests" name="Test_Case6" time="34.492"/>
  <testcase classname="com.identifycourses.tests.IdentifyCoursesTests" name="Test_Case7" time="35.156"/>
  <testcase classname="com.identifycourses.tests.IdentifyCoursesTests" name="Test_Case8" time="30.937"/>
  <testcase classname="com.identifycourses.tests.IdentifyCoursesTests" name="Test_Case9" time="30.313"/>
  <testcase classname="com.identifycourses.tests.IdentifyCoursesTests" name="Test_Case10" time="34.432"/>
  <testcase classname="com.identifycourses.tests.IdentifyCoursesTests" name="Test_Case11" time="28.606"/>
  <testcase classname="com.identifycourses.tests.IdentifyCoursesTests" name="Test_Case12" time="26.102"/>
  <testcase classname="com.identifycourses.tests.IdentifyCoursesTests" name="Test_Case13" time="27.842"/>
  <testcase classname="com.identifycourses.tests.IdentifyCoursesTests" name="Test_Case14" time="28.218"/>
  <testcase classname="com.identifycourses.tests.IdentifyCoursesTests" name="Test_Case15" time="32.138"/>
</testsuite> <!-- Testcases -->
