<?xml version="1.0" encoding="UTF-8"?>
<!-- Generated by org.testng.reporters.JUnitXMLReporter -->
<testsuite ignored="0" hostname="Deepak" failures="0" tests="6" name="Tests2" time="25.509" errors="0" timestamp="2021-02-18T13:12:49 IST">
  <testcase classname="com.identifycourses.pages.searchLanguages" name="searchLang" time="7.608"/>
  <testcase classname="com.identifycourses.pages.searchLanguages" name="getLanguages" time="7.289"/>
  <testcase classname="com.identifycourses.pages.searchLanguages" name="getLangCourse" time="2.331"/>
  <testcase classname="com.identifycourses.pages.searchLanguages" name="get2D" time="0.005"/>
  <testcase classname="com.identifycourses.pages.searchLanguages" name="getLevels" time="0.372"/>
  <testcase classname="com.identifycourses.pages.searchLanguages" name="getLevelsTotal" time="0.242"/>
</testsuite> <!-- Tests2 -->
