<?xml version="1.0" encoding="UTF-8"?>
<!-- Generated by org.testng.reporters.JUnitXMLReporter -->
<testsuite ignored="0" hostname="Deepak" failures="0" tests="15" name="Testcases" time="442.399" errors="0" timestamp="2021-02-25T09:25:48 IST">
  <testcase classname="com.identifycourses.tests.IdentifyCoursesTests" name="Test_Case1" time="79.315"/>
  <testcase classname="com.identifycourses.tests.IdentifyCoursesTests" name="Test_Case2" time="55.927"/>
  <testcase classname="com.identifycourses.tests.IdentifyCoursesTests" name="Test_Case3" time="62.513"/>
  <testcase classname="com.identifycourses.tests.IdentifyCoursesTests" name="Test_Case4" time="19.317"/>
  <testcase classname="com.identifycourses.tests.IdentifyCoursesTests" name="Test_Case5" time="21.441"/>
  <testcase classname="com.identifycourses.tests.IdentifyCoursesTests" name="Test_Case6" time="18.844"/>
  <testcase classname="com.identifycourses.tests.IdentifyCoursesTests" name="Test_Case7" time="14.112"/>
  <testcase classname="com.identifycourses.tests.IdentifyCoursesTests" name="Test_Case8" time="24.814"/>
  <testcase classname="com.identifycourses.tests.IdentifyCoursesTests" name="Test_Case9" time="20.207"/>
  <testcase classname="com.identifycourses.tests.IdentifyCoursesTests" name="Test_Case10" time="22.58"/>
  <testcase classname="com.identifycourses.tests.IdentifyCoursesTests" name="Test_Case11" time="20.823"/>
  <testcase classname="com.identifycourses.tests.IdentifyCoursesTests" name="Test_Case12" time="20.475"/>
  <testcase classname="com.identifycourses.tests.IdentifyCoursesTests" name="Test_Case13" time="14.314"/>
  <testcase classname="com.identifycourses.tests.IdentifyCoursesTests" name="Test_Case14" time="25.86"/>
  <testcase classname="com.identifycourses.tests.IdentifyCoursesTests" name="Test_Case15" time="21.479"/>
</testsuite> <!-- Testcases -->
