<?xml version="1.0" encoding="UTF-8"?>
<!-- Generated by org.testng.reporters.JUnitXMLReporter -->
<testsuite ignored="0" hostname="Deepak" failures="0" tests="4" name="Tests1" time="42.824" errors="0" timestamp="2021-02-18T13:12:24 IST">
  <testcase classname="com.identifycourses.pages.searchWebDevelopment" name="searchcourse" time="4.998"/>
  <testcase classname="com.identifycourses.pages.searchWebDevelopment" name="addFilters" time="8.597"/>
  <testcase classname="com.identifycourses.pages.searchWebDevelopment" name="getCourses" time="8.005"/>
  <testcase classname="com.identifycourses.pages.searchWebDevelopment" name="verify1stCourse" time="0.889"/>
</testsuite> <!-- Tests1 -->
